Added Component: Designator=T1(BV302S12010-ZU)
Add component (AddParameter): Name = "ComponentLink1Description"; Value = "http://www1.futureelectronics.com/doc/ZETTLER%20MAGNETICS/BV302S12015.pdf?src-supplier=Future+Electronics"; VariantName = "[No Variations]"
Add component (AddParameter): Name = "ComponentLink1URL"; Value = "http://www1.futureelectronics.com/doc/ZETTLER%20MAGNETICS/BV302S12015.pdf?src-supplier=Future+Electronics"; VariantName = "[No Variations]"
Add component (AddParameter): Name = "Current Rating"; Value = "125mA"; VariantName = "[No Variations]"
Add component (AddParameter): Name = "Lead Free"; Value = "Lead Free"; VariantName = "[No Variations]"
Add component (AddParameter): Name = "Manufacturer"; Value = "Zettler Magnetics"; VariantName = "[No Variations]"
Add component (AddParameter): Name = "Manufacturer Part Number"; Value = "BV302S12015-ZU"; VariantName = "[No Variations]"
Add component (AddParameter): Name = "Operating Frequency"; Value = "50-60Hz"; VariantName = "[No Variations]"
Add component (AddParameter): Name = "Pricing 1"; Value = "1=1.79000, 30=1.74000, 100=1.69000, 250=1.65000, 750=1.57000 (USD)"; VariantName = "[No Variations]"
Add component (AddParameter): Name = "Primary Voltage"; Value = "230"; VariantName = "[No Variations]"
Add component (AddParameter): Name = "Rated Power"; Value = "1VA"; VariantName = "[No Variations]"
Add component (AddParameter): Name = "RoHS"; Value = "Yes"; VariantName = "[No Variations]"
Add component (AddParameter): Name = "Secondary Vpoltage"; Value = "12"; VariantName = "[No Variations]"
Add component (AddParameter): Name = "Stock 1"; Value = "10"; VariantName = "[No Variations]"
Add component (AddParameter): Name = "Supplier 1"; Value = "Future Electronics"; VariantName = "[No Variations]"
Add component (AddParameter): Name = "Supplier Part Number 1"; Value = "8978579"; VariantName = "[No Variations]"
Add component (AddParameter): Name = "this part is design"; Value = "alperen"; VariantName = "[No Variations]"
Add component (AddParameter): Name = "Turns Ratio"; Value = "19:1"; VariantName = "[No Variations]"
Added Pin To Net: NetName=NetR1_2 Pin=T1-1
Added Pin To Net: NetName=AC_LÝNE_2 Pin=T1-5
Added Pin To Net: NetName=NetBR1_2 Pin=T1-7
Added Pin To Net: NetName=NetBR1_1 Pin=T1-9
Added Member To Class: ClassName=POWER_Manegement Member=Component T1 BV302S12010-ZU
